Flutter crash report.
Please report a bug at https://github.com/flutter/flutter/issues.

## command

flutter run

## exception

DartDevelopmentServiceException: DartDevelopmentServiceException: Failed to start Dart Development Service

```
```

## flutter doctor

```
[32m[✓][39m Flutter (Channel stable, 3.35.4, on Microsoft Windows [Version 10.0.22621.4317], locale en-US) [11.5s]
    [32m•[39m Flutter version 3.35.4 on channel stable at C:\Flutter\flutter
    [32m•[39m Upstream repository https://github.com/flutter/flutter.git
    [32m•[39m Framework revision d693b4b9db (5 months ago), 2025-09-16 14:27:41 +0000
    [32m•[39m Engine revision c298091351
    [32m•[39m Dart version 3.9.2
    [32m•[39m DevTools version 2.48.0
    [32m•[39m Feature flags: enable-web, enable-linux-desktop, enable-macos-desktop, enable-windows-desktop, enable-android, enable-ios, cli-animations,
      enable-lldb-debugging

[32m[✓][39m Windows Version (11 Pro 64-bit, 22H2, 2009) [26.9s]

[31m[✗][39m Android toolchain - develop for Android devices [5.9s]
    [31m✗[39m ANDROID_HOME = C:\Users\<YourUsername>\AppData\Local\Android\Sdk
      but Android SDK not found at this location.

[32m[✓][39m Chrome - develop for the web [5.9s]
    [32m•[39m Chrome at C:\Program Files (x86)\Google\Chrome\Application\chrome.exe

[31m[✗][39m Visual Studio - develop Windows apps [5.9s]
    [31m✗[39m Visual Studio not installed; this is necessary to develop Windows apps.
      Download at https://visualstudio.microsoft.com/downloads/.
      Please install the "Desktop development with C++" workload, including all of its default components

[33m[!][39m Android Studio (version 2024.3) [3.4s]
    [32m•[39m Android Studio at C:\Program Files\Android\Android Studio
    [32m•[39m Flutter plugin can be installed from:
      🔨 https://plugins.jetbrains.com/plugin/9212-flutter
    [32m•[39m Dart plugin can be installed from:
      🔨 https://plugins.jetbrains.com/plugin/6351-dart
    [31m✗[39m Unable to find bundled Java version.
    [32m•[39m Try updating or re-installing Android Studio.

[32m[✓][39m Android Studio (version 2025.1.4) [3.4s]
    [32m•[39m Android Studio at C:\Program Files\Android\Android Studio1
    [32m•[39m Flutter plugin can be installed from:
      🔨 https://plugins.jetbrains.com/plugin/9212-flutter
    [32m•[39m Dart plugin can be installed from:
      🔨 https://plugins.jetbrains.com/plugin/6351-dart
    [32m•[39m Java version OpenJDK Runtime Environment (build 21.0.8+-14018985-b1038.68)

[32m[✓][39m IntelliJ IDEA Ultimate Edition (version 2024.3) [3.4s]
    [32m•[39m IntelliJ at C:\Users\ADMIN\IntelliJ IDEA 2024.3.5
    [32m•[39m Flutter plugin version 88.0.0
    [32m•[39m Dart plugin can be installed from:
      🔨 https://plugins.jetbrains.com/plugin/6351-dart

[32m[✓][39m VS Code (version unknown) [6ms]
    [32m•[39m VS Code at C:\Users\ADMIN\AppData\Local\Programs\Microsoft VS Code
    [32m•[39m Flutter extension version 3.128.0
    [31m✗[39m Unable to determine VS Code version.

[32m[✓][39m Connected device (3 available) [128ms]
    [32m•[39m Windows (desktop) • windows • windows-x64    • Microsoft Windows [Version 10.0.22621.4317]
    [32m•[39m Chrome (web)      • chrome  • web-javascript • Google Chrome 145.0.7632.76
    [32m•[39m Edge (web)        • edge    • web-javascript • Microsoft Edge 145.0.3800.58

[33m[!][39m Network resources [40.6s]
    [31m✗[39m A network error occurred while checking "https://pub.dev/": The semaphore timeout period has expired.

    [31m✗[39m A network error occurred while checking "https://storage.googleapis.com/": The semaphore timeout period has expired.

    [31m✗[39m A network error occurred while checking "https://maven.google.com/": The semaphore timeout period has expired.

    [31m✗[39m A network error occurred while checking "https://cocoapods.org/": The semaphore timeout period has expired.

    [31m✗[39m A network error occurred while checking "https://github.com/": The semaphore timeout period has expired.


[33m![39m Doctor found issues in 4 categories.
```
